# JRE version: OpenJDK Runtime Environment (24.0.1+9) (build 24.0.1+9-30)
# Java VM: OpenJDK 64-Bit Server VM (24.0.1+9-30, mixed mode, sharing, tiered, compressed oops, compressed class ptrs, g1 gc, windows-amd64)
GC Precious Log:
 CardTable entry size: 512
 Card Set container configuration: InlinePtr #cards 4 size 8 Array Of Cards #cards 32 size 80 Howl #buckets 8 coarsen threshold 7372 Howl Bitmap #cards 1024 size 144 coarsen threshold 921 Card regions per heap region 1 cards per card region 8192
 CPUs: 8 total, 8 available
 Memory: 32448M
 Large Page Support: Disabled
 NUMA Support: Disabled
 Compressed Oops: Enabled (Zero based)
 Heap Region Size: 4M
 Heap Min Capacity: 8M
 Heap Initial Capacity: 508M
 Heap Max Capacity: 8116M
 Pre-touch: Disabled
 Parallel Workers: 8
 Concurrent Workers: 2
 Concurrent Refinement Workers: 8
 Periodic GC: Disabled
Heap:
 garbage-first heap   total reserved 8310784K, committed 1433600K, used 917437K [0x0000000604c00000, 0x0000000800000000)
  region size 4096K, 41 young (167936K), 13 survivors (53248K)
 Metaspace       used 7966K, committed 8192K, reserved 1114112K
  class space    used 746K, committed 832K, reserved 1048576K
GC Heap History (12 events):
Event: 0.553 GC heap before
{Heap before GC invocations=0 (full 0):
 garbage-first heap   total reserved 8310784K, committed 524288K, used 46192K [0x0000000604c00000, 0x0000000800000000)
  region size 4096K, 12 young (49152K), 0 survivors (0K)
 Metaspace       used 3737K, committed 3904K, reserved 1114112K
  class space    used 315K, committed 384K, reserved 1048576K
}
Event: 0.563 GC heap after
{Heap after GC invocations=1 (full 0):
 garbage-first heap   total reserved 8310784K, committed 524288K, used 14564K [0x0000000604c00000, 0x0000000800000000)
  region size 4096K, 2 young (8192K), 2 survivors (8192K)
 Metaspace       used 3737K, committed 3904K, reserved 1114112K
  class space    used 315K, committed 384K, reserved 1048576K
}
Event: 0.659 GC heap before
{Heap before GC invocations=1 (full 0):
 garbage-first heap   total reserved 8310784K, committed 524288K, used 215268K [0x0000000604c00000, 0x0000000800000000)
  region size 4096K, 52 young (212992K), 2 survivors (8192K)
 Metaspace       used 4183K, committed 4352K, reserved 1114112K
  class space    used 357K, committed 448K, reserved 1048576K
}
Event: 0.707 GC heap after
{Heap after GC invocations=2 (full 0):
 garbage-first heap   total reserved 8310784K, committed 524288K, used 217612K [0x0000000604c00000, 0x0000000800000000)
  region size 4096K, 7 young (28672K), 7 survivors (28672K)
 Metaspace       used 4183K, committed 4352K, reserved 1114112K
  class space    used 357K, committed 448K, reserved 1048576K
}
Event: 0.713 GC heap before
{Heap before GC invocations=2 (full 0):
 garbage-first heap   total reserved 8310784K, committed 524288K, used 311820K [0x0000000604c00000, 0x0000000800000000)
  region size 4096K, 31 young (126976K), 7 survivors (28672K)
 Metaspace       used 4208K, committed 4416K, reserved 1114112K
  class space    used 360K, committed 448K, reserved 1048576K
}
Event: 0.736 GC heap after
{Heap after GC invocations=3 (full 0):
 garbage-first heap   total reserved 8310784K, committed 524288K, used 314322K [0x0000000604c00000, 0x0000000800000000)
  region size 4096K, 4 young (16384K), 4 survivors (16384K)
 Metaspace       used 4208K, committed 4416K, reserved 1114112K
  class space    used 360K, committed 448K, reserved 1048576K
}
Event: 0.740 GC heap before
{Heap before GC invocations=3 (full 0):
 garbage-first heap   total reserved 8310784K, committed 524288K, used 375762K [0x0000000604c00000, 0x0000000800000000)
  region size 4096K, 20 young (81920K), 4 survivors (16384K)
 Metaspace       used 4239K, committed 4416K, reserved 1114112K
  class space    used 360K, committed 448K, reserved 1048576K
}
Event: 0.746 GC heap after
{Heap after GC invocations=4 (full 0):
 garbage-first heap   total reserved 8310784K, committed 524288K, used 379208K [0x0000000604c00000, 0x0000000800000000)
  region size 4096K, 3 young (12288K), 3 survivors (12288K)
 Metaspace       used 4239K, committed 4416K, reserved 1114112K
  class space    used 360K, committed 448K, reserved 1048576K
}
Event: 0.749 GC heap before
{Heap before GC invocations=4 (full 0):
 garbage-first heap   total reserved 8310784K, committed 524288K, used 420168K [0x0000000604c00000, 0x0000000800000000)
  region size 4096K, 14 young (57344K), 3 survivors (12288K)
 Metaspace       used 4239K, committed 4416K, reserved 1114112K
  class space    used 360K, committed 448K, reserved 1048576K
}
Event: 0.757 GC heap after
{Heap after GC invocations=5 (full 0):
 garbage-first heap   total reserved 8310784K, committed 1572864K, used 424087K [0x0000000604c00000, 0x0000000800000000)
  region size 4096K, 2 young (8192K), 2 survivors (8192K)
 Metaspace       used 4239K, committed 4416K, reserved 1114112K
  class space    used 360K, committed 448K, reserved 1048576K
}
Event: 0.973 GC heap before
{Heap before GC invocations=6 (full 0):
 garbage-first heap   total reserved 8310784K, committed 1433600K, used 809111K [0x0000000604c00000, 0x0000000800000000)
  region size 4096K, 97 young (397312K), 2 survivors (8192K)
 Metaspace       used 4978K, committed 5184K, reserved 1114112K
  class space    used 424K, committed 512K, reserved 1048576K
}
Event: 1.043 GC heap after
{Heap after GC invocations=7 (full 0):
 garbage-first heap   total reserved 8310784K, committed 1433600K, used 810941K [0x0000000604c00000, 0x0000000800000000)
  region size 4096K, 13 young (53248K), 13 survivors (53248K)
 Metaspace       used 4978K, committed 5184K, reserved 1114112K
  class space    used 424K, committed 512K, reserved 1048576K
}

