# JRE version: OpenJDK Runtime Environment (24.0.1+9) (build 24.0.1+9-30)
# Java VM: OpenJDK 64-Bit Server VM (24.0.1+9-30, mixed mode, sharing, tiered, compressed oops, compressed class ptrs, g1 gc, windows-amd64)
GC Precious Log:
 CardTable entry size: 512
 Card Set container configuration: InlinePtr #cards 4 size 8 Array Of Cards #cards 32 size 80 Howl #buckets 8 coarsen threshold 7372 Howl Bitmap #cards 1024 size 144 coarsen threshold 921 Card regions per heap region 1 cards per card region 8192
 CPUs: 8 total, 8 available
 Memory: 32448M
 Large Page Support: Disabled
 NUMA Support: Disabled
 Compressed Oops: Enabled (Zero based)
 Heap Region Size: 4M
 Heap Min Capacity: 8M
 Heap Initial Capacity: 508M
 Heap Max Capacity: 8116M
 Pre-touch: Disabled
 Parallel Workers: 8
 Concurrent Workers: 2
 Concurrent Refinement Workers: 8
 Periodic GC: Disabled
Heap:
 garbage-first heap   total reserved 8310784K, committed 1449984K, used 917910K [0x0000000604c00000, 0x0000000800000000)
  region size 4096K, 40 young (163840K), 12 survivors (49152K)
 Metaspace       used 8017K, committed 8256K, reserved 1114112K
  class space    used 744K, committed 832K, reserved 1048576K
GC Heap History (12 events):
Event: 0.320 GC heap before
{Heap before GC invocations=0 (full 0):
 garbage-first heap   total reserved 8310784K, committed 524288K, used 46192K [0x0000000604c00000, 0x0000000800000000)
  region size 4096K, 12 young (49152K), 0 survivors (0K)
 Metaspace       used 1186K, committed 1280K, reserved 1114112K
  class space    used 73K, committed 128K, reserved 1048576K
}
Event: 0.326 GC heap after
{Heap after GC invocations=1 (full 0):
 garbage-first heap   total reserved 8310784K, committed 524288K, used 15758K [0x0000000604c00000, 0x0000000800000000)
  region size 4096K, 2 young (8192K), 2 survivors (8192K)
 Metaspace       used 1186K, committed 1280K, reserved 1114112K
  class space    used 73K, committed 128K, reserved 1048576K
}
Event: 0.411 GC heap before
{Heap before GC invocations=1 (full 0):
 garbage-first heap   total reserved 8310784K, committed 524288K, used 232846K [0x0000000604c00000, 0x0000000800000000)
  region size 4096K, 56 young (229376K), 2 survivors (8192K)
 Metaspace       used 2102K, committed 2240K, reserved 1114112K
  class space    used 155K, committed 256K, reserved 1048576K
}
Event: 0.455 GC heap after
{Heap after GC invocations=2 (full 0):
 garbage-first heap   total reserved 8310784K, committed 524288K, used 235730K [0x0000000604c00000, 0x0000000800000000)
  region size 4096K, 7 young (28672K), 7 survivors (28672K)
 Metaspace       used 2102K, committed 2240K, reserved 1114112K
  class space    used 155K, committed 256K, reserved 1048576K
}
Event: 0.461 GC heap before
{Heap before GC invocations=2 (full 0):
 garbage-first heap   total reserved 8310784K, committed 524288K, used 325842K [0x0000000604c00000, 0x0000000800000000)
  region size 4096K, 30 young (122880K), 7 survivors (28672K)
 Metaspace       used 2373K, committed 2496K, reserved 1114112K
  class space    used 175K, committed 256K, reserved 1048576K
}
Event: 0.476 GC heap after
{Heap after GC invocations=3 (full 0):
 garbage-first heap   total reserved 8310784K, committed 524288K, used 328322K [0x0000000604c00000, 0x0000000800000000)
  region size 4096K, 4 young (16384K), 4 survivors (16384K)
 Metaspace       used 2373K, committed 2496K, reserved 1114112K
  class space    used 175K, committed 256K, reserved 1048576K
}
Event: 0.480 GC heap before
{Heap before GC invocations=3 (full 0):
 garbage-first heap   total reserved 8310784K, committed 524288K, used 385666K [0x0000000604c00000, 0x0000000800000000)
  region size 4096K, 19 young (77824K), 4 survivors (16384K)
 Metaspace       used 2439K, committed 2560K, reserved 1114112K
  class space    used 183K, committed 256K, reserved 1048576K
}
Event: 0.485 GC heap after
{Heap after GC invocations=4 (full 0):
 garbage-first heap   total reserved 8310784K, committed 524288K, used 389053K [0x0000000604c00000, 0x0000000800000000)
  region size 4096K, 3 young (12288K), 3 survivors (12288K)
 Metaspace       used 2439K, committed 2560K, reserved 1114112K
  class space    used 183K, committed 256K, reserved 1048576K
}
Event: 0.490 GC heap before
{Heap before GC invocations=4 (full 0):
 garbage-first heap   total reserved 8310784K, committed 524288K, used 425917K [0x0000000604c00000, 0x0000000800000000)
  region size 4096K, 13 young (53248K), 3 survivors (12288K)
 Metaspace       used 2456K, committed 2560K, reserved 1114112K
  class space    used 185K, committed 256K, reserved 1048576K
}
Event: 0.497 GC heap after
{Heap after GC invocations=5 (full 0):
 garbage-first heap   total reserved 8310784K, committed 1572864K, used 429718K [0x0000000604c00000, 0x0000000800000000)
  region size 4096K, 2 young (8192K), 2 survivors (8192K)
 Metaspace       used 2456K, committed 2560K, reserved 1114112K
  class space    used 185K, committed 256K, reserved 1048576K
}
Event: 0.650 GC heap before
{Heap before GC invocations=6 (full 0):
 garbage-first heap   total reserved 8310784K, committed 1449984K, used 810646K [0x0000000604c00000, 0x0000000800000000)
  region size 4096K, 96 young (393216K), 2 survivors (8192K)
 Metaspace       used 4382K, committed 4544K, reserved 1114112K
  class space    used 367K, committed 448K, reserved 1048576K
}
Event: 0.712 GC heap after
{Heap after GC invocations=7 (full 0):
 garbage-first heap   total reserved 8310784K, committed 1449984K, used 811414K [0x0000000604c00000, 0x0000000800000000)
  region size 4096K, 12 young (49152K), 12 survivors (49152K)
 Metaspace       used 4382K, committed 4544K, reserved 1114112K
  class space    used 367K, committed 448K, reserved 1048576K
}

